<?xml version="1.0" encoding="UTF-8"?>
<!-- Generated by org.testng.reporters.JUnitXMLReporter -->
<testsuite ignored="0" hostname="sanjana" failures="0" tests="5" name="AppLogin Page Test" time="7.129" errors="0" timestamp="2024-07-10T16:00:43 IST">
  <testcase classname="com.qa.opencart.tests.AppLoginTest" name="loginPageTitleTest" time="0.047"/>
  <testcase classname="com.qa.opencart.tests.AppLoginTest" name="loginPageUrlTest" time="0.014"/>
  <testcase classname="com.qa.opencart.tests.AppLoginTest" name="isforgotPasswordLinkPresentTest" time="0.1"/>
  <testcase classname="com.qa.opencart.tests.AppLoginTest" name="doLoginTest" time="0.779"/>
  <testcase classname="com.qa.opencart.tests.AppLoginTest" name="appLogoutTest" time="0.546"/>
</testsuite> <!-- AppLogin Page Test -->
