<?xml version="1.0" encoding="UTF-8"?>
<!-- Generated by org.testng.reporters.JUnitXMLReporter -->
<testsuite ignored="0" hostname="sanjana" failures="0" tests="10" name="Default test" time="22.473" errors="0" timestamp="2024-07-09T16:20:03 IST">
  <testcase classname="com.qa.opencart.tests.ProductDetailPageTest" name="emptyCartTest" time="0.825"/>
  <testcase classname="com.qa.opencart.tests.ProductDetailPageTest" name="getProductImageCountTest" time="1.23"/>
  <testcase classname="com.qa.opencart.tests.ProductDetailPageTest" name="getProductImageCountTest" time="1.016"/>
  <testcase classname="com.qa.opencart.tests.ProductDetailPageTest" name="getProductImageCountTest" time="1.014"/>
  <testcase classname="com.qa.opencart.tests.ProductDetailPageTest" name="getProductImageCountTest" time="1.046"/>
  <testcase classname="com.qa.opencart.tests.ProductDetailPageTest" name="getProductImageCountTest" time="1.362"/>
  <testcase classname="com.qa.opencart.tests.ProductDetailPageTest" name="getProductImageCountTest" time="1.111"/>
  <testcase classname="com.qa.opencart.tests.ProductDetailPageTest" name="getProductImageCountTest" time="1.02"/>
  <testcase classname="com.qa.opencart.tests.ProductDetailPageTest" name="getProductInfoTest" time="1.204"/>
  <testcase classname="com.qa.opencart.tests.ProductDetailPageTest" name="addProductToCart" time="7.595"/>
</testsuite> <!-- Default test -->
