<?xml version="1.0" encoding="UTF-8"?>
<!-- Generated by org.testng.reporters.JUnitXMLReporter -->
<testsuite ignored="0" hostname="sanjana" failures="0" tests="5" name="AppLogin Page Test" time="8.661" errors="0" timestamp="2024-07-09T16:08:03 IST">
  <testcase classname="com.qa.opencart.tests.AppLoginTest" name="loginPageTitleTest" time="0.009"/>
  <testcase classname="com.qa.opencart.tests.AppLoginTest" name="loginPageUrlTest" time="0.006"/>
  <testcase classname="com.qa.opencart.tests.AppLoginTest" name="isforgotPasswordLinkPresentTest" time="0.129"/>
  <testcase classname="com.qa.opencart.tests.AppLoginTest" name="doLoginTest" time="0.891"/>
  <testcase classname="com.qa.opencart.tests.AppLoginTest" name="appLogoutTest" time="0.764"/>
</testsuite> <!-- AppLogin Page Test -->
