<?xml version="1.0" encoding="UTF-8"?>
<!-- Generated by org.testng.reporters.JUnitXMLReporter -->
<testsuite ignored="0" hostname="sanjana" failures="0" tests="15" name="MyAccounts Page Test" time="21.194" errors="0" timestamp="2024-07-09T16:08:15 IST">
  <testcase classname="com.qa.opencart.tests.MyAccountsTest" name="getAcctPageTitleTest" time="0.022"/>
  <testcase classname="com.qa.opencart.tests.MyAccountsTest" name="getAcctPageURLTest" time="0.009"/>
  <testcase classname="com.qa.opencart.tests.MyAccountsTest" name="getAcctPageHeadersCountTest" time="0.035"/>
  <testcase classname="com.qa.opencart.tests.MyAccountsTest" name="getAcctPageHeadersDetailTest" time="0.115"/>
  <testcase classname="com.qa.opencart.tests.MyAccountsTest" name="searchProductTest" time="0.72"/>
  <testcase classname="com.qa.opencart.tests.MyAccountsTest" name="searchProductTest" time="1.1"/>
  <testcase classname="com.qa.opencart.tests.MyAccountsTest" name="searchProductTest" time="0.751"/>
  <testcase classname="com.qa.opencart.tests.MyAccountsTest" name="searchProductTest" time="0.627"/>
  <testcase classname="com.qa.opencart.tests.MyAccountsTest" name="selectProductTest" time="1.857"/>
  <testcase classname="com.qa.opencart.tests.MyAccountsTest" name="selectProductTest" time="1.265"/>
  <testcase classname="com.qa.opencart.tests.MyAccountsTest" name="selectProductTest" time="1.456"/>
  <testcase classname="com.qa.opencart.tests.MyAccountsTest" name="selectProductTest" time="1.115"/>
  <testcase classname="com.qa.opencart.tests.MyAccountsTest" name="selectProductTest" time="1.363"/>
  <testcase classname="com.qa.opencart.tests.MyAccountsTest" name="selectProductTest" time="1.673"/>
  <testcase classname="com.qa.opencart.tests.MyAccountsTest" name="selectProductTest" time="1.182"/>
</testsuite> <!-- MyAccounts Page Test -->
