<?xml version="1.0" encoding="UTF-8"?>
<testsuite xmlns:xsi="http://www.w3.org/2001/XMLSchema-instance" xsi:noNamespaceSchemaLocation="https://maven.apache.org/surefire/maven-surefire-plugin/xsd/surefire-test-report-3.0.xsd" version="3.0" name="TestSuite" time="21.961" tests="20" errors="0" skipped="0" failures="0">
  <properties>
[...]
</properties>
  <testcase name="loginPageTitleTest" classname="com.qa.opencart.tests.AppLoginTest" time="0.002">
    <system-out><![CDATA[...
... TestNG 7.8.0 by Cédric Beust (cedric@beust.com)
...

Browser name is firefox
Browser name is firefox
]]></system-out>
    <system-err><![CDATA[SLF4J: Failed to load class "org.slf4j.impl.StaticLoggerBinder".
SLF4J: Defaulting to no-operation (NOP) logger implementation
SLF4J: See http://www.slf4j.org/codes.html#StaticLoggerBinder for further details.
log4j:WARN No appenders could be found for logger (io.netty.util.internal.logging.InternalLoggerFactory).
log4j:WARN Please initialize the log4j system properly.
1720521475341	geckodriver	INFO	Listening on 127.0.0.1:48893
1720521475343	geckodriver	INFO	Listening on 127.0.0.1:12200
1172702502512417457750740	4m	omzozrruunnnnere:r::r:ruunnnnere	r	IINNFFO	OR	uRnunnninign gco cmomamnmda:n d:" C":C\:\\P\Prrooggrraamm  FiFlielse\s\\M\oMzoizlilla lFai rFeifroex\f\ofxi\r\feifroxe.feoxx.ee"x e""- -"m-a-rmiaornietontee"t t"e-"- r"e-m-orteem-odteeb-udgegbiunggg-ipnorgt-"p o"r2t9"32 4"" 3"4-4-3re7m"o t"e- -r.e.m.o tel o.c.a.l hlooscta:l2h9o3s2t4:/3,h4t4tp3:7///,h[t:t:p1:]//:[2:9:312]4:/3"4 4"3-7n/o"- r"e-mnoot-e"r e"m-optreo"f i"l-ep"r o"fiCl:e\"\ U"sCe:r\s\\U\ssaernsj\k\\s\anAjkp\p\DAaptpaD\a\tLao\c\aLlo\c\aTelm\p\\T\ermups\t\_rmuozsptr_omfoizlperXvovfnizlHe"A
msFse"
console.warn: services.settings: Ignoring preference override of remote settings server
console.warn: services.settings: Allow by setting MOZ_REMOTE_SETTINGS_DEVTOOLS=1 in the environment
console.warn: services.settings: Ignoring preference override of remote settings server
console.warn: services.settings: Allow by setting MOZ_REMOTE_SETTINGS_DEVTOOLS=1 in the environment
Dynamically enable window occlusion 0
1720521476220	Marionette	INFO	Marionette enabled
Dynamically enable window occlusion 0
1720521476224	Marionette	INFO	Marionette enabled
1720521476719	Marionette	INFO	Listening on port 58466
1720521476737	Marionette	INFO	Listening on port 58467
WebDriver BiDi listening on ws://127.0.0.1:34437
WebDriver BiDi listening on ws://127.0.0.1:29324
Read port: 58466
Read port: 58467
1720521476996	RemoteAgent	WARN	TLS certificate errors will be ignored for this session
1720521476997	RemoteAgent	WARN	TLS certificate errors will be ignored for this session
DevTools listening on ws://127.0.0.1:34437/devtools/browser/d6e57117-069d-4b8d-92ca-978803585cad
DevTools listening on ws://127.0.0.1:29324/devtools/browser/ab74d9d8-8967-4410-ab81-2642d9e3985d
]]></system-err>
  </testcase>
  <testcase name="loginPageUrlTest" classname="com.qa.opencart.tests.AppLoginTest" time="0"/>
  <testcase name="isforgotPasswordLinkPresentTest" classname="com.qa.opencart.tests.AppLoginTest" time="0"/>
  <testcase name="doLoginTest" classname="com.qa.opencart.tests.AppLoginTest" time="0">
    <system-err><![CDATA[console.warn: LoginRecipes: "Falling back to a synchronous message for: https://naveenautomationlabs.com."
console.warn: LoginRecipes: "Falling back to a synchronous message for: https://naveenautomationlabs.com."
]]></system-err>
  </testcase>
  <testcase name="appLogoutTest" classname="com.qa.opencart.tests.AppLoginTest" time="0.113"/>
  <testcase name="getAcctPageTitleTest" classname="com.qa.opencart.tests.MyAccountsTest" time="0"/>
  <testcase name="getAcctPageURLTest" classname="com.qa.opencart.tests.MyAccountsTest" time="0"/>
  <testcase name="getAcctPageHeadersCountTest" classname="com.qa.opencart.tests.MyAccountsTest" time="0.001"/>
  <testcase name="getAcctPageHeadersDetailTest" classname="com.qa.opencart.tests.MyAccountsTest" time="0"/>
  <testcase name="searchProductTest[macbook](1)" classname="com.qa.opencart.tests.MyAccountsTest" time="0.248"/>
  <testcase name="searchProductTest[imac](2)" classname="com.qa.opencart.tests.MyAccountsTest" time="1.101"/>
  <testcase name="searchProductTest[apple](3)" classname="com.qa.opencart.tests.MyAccountsTest" time="0.751"/>
  <testcase name="searchProductTest[samsung](4)" classname="com.qa.opencart.tests.MyAccountsTest" time="0.628"/>
  <testcase name="selectProductTest[macbook, MacBook](1)" classname="com.qa.opencart.tests.MyAccountsTest" time="1.858"/>
  <testcase name="selectProductTest[macbook, MacBook Air](2)" classname="com.qa.opencart.tests.MyAccountsTest" time="1.279">
    <system-err><![CDATA[console.warn: LoginRecipes: "Falling back to a synchronous message for: https://naveenautomationlabs.com."
]]></system-err>
  </testcase>
  <testcase name="selectProductTest[macbook, MacBook Pro](3)" classname="com.qa.opencart.tests.MyAccountsTest" time="1.443"/>
  <testcase name="selectProductTest[imac, iMac](4)" classname="com.qa.opencart.tests.MyAccountsTest" time="1.114"/>
  <testcase name="selectProductTest[apple, Apple Cinema 30&quot;](5)" classname="com.qa.opencart.tests.MyAccountsTest" time="1.363"/>
  <testcase name="selectProductTest[samsung, Samsung SyncMaster 941BW](6)" classname="com.qa.opencart.tests.MyAccountsTest" time="1.673"/>
  <testcase name="selectProductTest[samsung, Samsung Galaxy Tab 10.1](7)" classname="com.qa.opencart.tests.MyAccountsTest" time="1.182"/>
</testsuite>