<?xml version="1.0" encoding="UTF-8"?>
<testng-results ignored="0" total="20" passed="20" failed="0" skipped="0">
  <reporter-output>
  </reporter-output>
  <suite started-at="2024-07-10T16:00:35 IST" name="Opencart App Test Regression Suite" finished-at="2024-07-10T16:00:51 IST" duration-ms="15675">
    <groups>
    </groups>
    <test started-at="2024-07-10T16:00:35 IST" name="AppLogin Page Test" finished-at="2024-07-10T16:00:42 IST" duration-ms="7129">
      <class name="com.qa.opencart.tests.AppLoginTest">
        <test-method is-config="true" signature="setup()[pri:0, instance:com.qa.opencart.tests.AppLoginTest@2b0f373b]" started-at="2024-07-10T16:00:35 IST" name="setup" finished-at="2024-07-10T16:00:41 IST" duration-ms="5518" status="PASS">
          <reporter-output>
          </reporter-output>
        </test-method> <!-- setup -->
        <test-method signature="loginPageTitleTest()[pri:1, instance:com.qa.opencart.tests.AppLoginTest@2b0f373b]" started-at="2024-07-10T16:00:41 IST" name="loginPageTitleTest" finished-at="2024-07-10T16:00:41 IST" duration-ms="47" status="PASS">
          <reporter-output>
          </reporter-output>
        </test-method> <!-- loginPageTitleTest -->
        <test-method signature="loginPageUrlTest()[pri:2, instance:com.qa.opencart.tests.AppLoginTest@2b0f373b]" started-at="2024-07-10T16:00:41 IST" name="loginPageUrlTest" finished-at="2024-07-10T16:00:41 IST" duration-ms="14" status="PASS">
          <reporter-output>
          </reporter-output>
        </test-method> <!-- loginPageUrlTest -->
        <test-method signature="isforgotPasswordLinkPresentTest()[pri:3, instance:com.qa.opencart.tests.AppLoginTest@2b0f373b]" started-at="2024-07-10T16:00:41 IST" name="isforgotPasswordLinkPresentTest" finished-at="2024-07-10T16:00:41 IST" duration-ms="100" status="PASS">
          <reporter-output>
          </reporter-output>
        </test-method> <!-- isforgotPasswordLinkPresentTest -->
        <test-method signature="doLoginTest()[pri:4, instance:com.qa.opencart.tests.AppLoginTest@2b0f373b]" started-at="2024-07-10T16:00:41 IST" name="doLoginTest" finished-at="2024-07-10T16:00:42 IST" duration-ms="779" status="PASS">
          <reporter-output>
          </reporter-output>
        </test-method> <!-- doLoginTest -->
        <test-method signature="appLogoutTest()[pri:5, instance:com.qa.opencart.tests.AppLoginTest@2b0f373b]" started-at="2024-07-10T16:00:42 IST" name="appLogoutTest" finished-at="2024-07-10T16:00:42 IST" duration-ms="546" status="PASS">
          <reporter-output>
          </reporter-output>
        </test-method> <!-- appLogoutTest -->
        <test-method is-config="true" signature="tearDown()[pri:0, instance:com.qa.opencart.tests.AppLoginTest@2b0f373b]" started-at="2024-07-10T16:00:42 IST" name="tearDown" finished-at="2024-07-10T16:00:42 IST" duration-ms="1" status="PASS">
          <reporter-output>
          </reporter-output>
        </test-method> <!-- tearDown -->
      </class> <!-- com.qa.opencart.tests.AppLoginTest -->
    </test> <!-- AppLogin Page Test -->
    <test started-at="2024-07-10T16:00:35 IST" name="MyAccounts Page Test" finished-at="2024-07-10T16:00:51 IST" duration-ms="15675">
      <class name="com.qa.opencart.tests.MyAccountsTest">
        <test-method is-config="true" signature="setup()[pri:0, instance:com.qa.opencart.tests.MyAccountsTest@61ce23ac]" started-at="2024-07-10T16:00:35 IST" name="setup" finished-at="2024-07-10T16:00:41 IST" duration-ms="5560" status="PASS">
          <reporter-output>
          </reporter-output>
        </test-method> <!-- setup -->
        <test-method is-config="true" signature="acctPageSetup()[pri:0, instance:com.qa.opencart.tests.MyAccountsTest@61ce23ac]" started-at="2024-07-10T16:00:41 IST" name="acctPageSetup" finished-at="2024-07-10T16:00:41 IST" duration-ms="854" status="PASS">
          <reporter-output>
          </reporter-output>
        </test-method> <!-- acctPageSetup -->
        <test-method signature="getAcctPageTitleTest()[pri:1, instance:com.qa.opencart.tests.MyAccountsTest@61ce23ac]" started-at="2024-07-10T16:00:41 IST" name="getAcctPageTitleTest" finished-at="2024-07-10T16:00:41 IST" duration-ms="13" status="PASS">
          <reporter-output>
          </reporter-output>
        </test-method> <!-- getAcctPageTitleTest -->
        <test-method signature="getAcctPageURLTest()[pri:2, instance:com.qa.opencart.tests.MyAccountsTest@61ce23ac]" started-at="2024-07-10T16:00:41 IST" name="getAcctPageURLTest" finished-at="2024-07-10T16:00:41 IST" duration-ms="6" status="PASS">
          <reporter-output>
          </reporter-output>
        </test-method> <!-- getAcctPageURLTest -->
        <test-method signature="getAcctPageHeadersCountTest()[pri:3, instance:com.qa.opencart.tests.MyAccountsTest@61ce23ac]" started-at="2024-07-10T16:00:41 IST" name="getAcctPageHeadersCountTest" finished-at="2024-07-10T16:00:42 IST" duration-ms="23" status="PASS">
          <reporter-output>
          </reporter-output>
        </test-method> <!-- getAcctPageHeadersCountTest -->
        <test-method signature="getAcctPageHeadersDetailTest()[pri:4, instance:com.qa.opencart.tests.MyAccountsTest@61ce23ac]" started-at="2024-07-10T16:00:42 IST" name="getAcctPageHeadersDetailTest" finished-at="2024-07-10T16:00:42 IST" duration-ms="85" status="PASS">
          <reporter-output>
          </reporter-output>
        </test-method> <!-- getAcctPageHeadersDetailTest -->
        <test-method signature="searchProductTest(java.lang.String)[pri:5, instance:com.qa.opencart.tests.MyAccountsTest@61ce23ac]" started-at="2024-07-10T16:00:42 IST" name="searchProductTest" data-provider="productSearchData" finished-at="2024-07-10T16:00:42 IST" duration-ms="386" status="PASS">
          <params>
            <param index="0">
              <value>
                <![CDATA[macbook]]>
              </value>
            </param>
          </params>
          <reporter-output>
          </reporter-output>
        </test-method> <!-- searchProductTest -->
        <test-method signature="searchProductTest(java.lang.String)[pri:5, instance:com.qa.opencart.tests.MyAccountsTest@61ce23ac]" started-at="2024-07-10T16:00:42 IST" name="searchProductTest" data-provider="productSearchData" finished-at="2024-07-10T16:00:42 IST" duration-ms="360" status="PASS">
          <params>
            <param index="0">
              <value>
                <![CDATA[imac]]>
              </value>
            </param>
          </params>
          <reporter-output>
          </reporter-output>
        </test-method> <!-- searchProductTest -->
        <test-method signature="searchProductTest(java.lang.String)[pri:5, instance:com.qa.opencart.tests.MyAccountsTest@61ce23ac]" started-at="2024-07-10T16:00:43 IST" name="searchProductTest" data-provider="productSearchData" finished-at="2024-07-10T16:00:43 IST" duration-ms="377" status="PASS">
          <params>
            <param index="0">
              <value>
                <![CDATA[apple]]>
              </value>
            </param>
          </params>
          <reporter-output>
          </reporter-output>
        </test-method> <!-- searchProductTest -->
        <test-method signature="searchProductTest(java.lang.String)[pri:5, instance:com.qa.opencart.tests.MyAccountsTest@61ce23ac]" started-at="2024-07-10T16:00:43 IST" name="searchProductTest" data-provider="productSearchData" finished-at="2024-07-10T16:00:43 IST" duration-ms="367" status="PASS">
          <params>
            <param index="0">
              <value>
                <![CDATA[samsung]]>
              </value>
            </param>
          </params>
          <reporter-output>
          </reporter-output>
        </test-method> <!-- searchProductTest -->
        <test-method signature="selectProductTest(java.lang.String,java.lang.String)[pri:6, instance:com.qa.opencart.tests.MyAccountsTest@61ce23ac]" started-at="2024-07-10T16:00:43 IST" name="selectProductTest" data-provider="selectProductData" finished-at="2024-07-10T16:00:44 IST" duration-ms="1096" status="PASS">
          <params>
            <param index="0">
              <value>
                <![CDATA[macbook]]>
              </value>
            </param>
            <param index="1">
              <value>
                <![CDATA[MacBook]]>
              </value>
            </param>
          </params>
          <reporter-output>
          </reporter-output>
        </test-method> <!-- selectProductTest -->
        <test-method signature="selectProductTest(java.lang.String,java.lang.String)[pri:6, instance:com.qa.opencart.tests.MyAccountsTest@61ce23ac]" started-at="2024-07-10T16:00:44 IST" name="selectProductTest" data-provider="selectProductData" finished-at="2024-07-10T16:00:46 IST" duration-ms="1081" status="PASS">
          <params>
            <param index="0">
              <value>
                <![CDATA[macbook]]>
              </value>
            </param>
            <param index="1">
              <value>
                <![CDATA[MacBook Air]]>
              </value>
            </param>
          </params>
          <reporter-output>
          </reporter-output>
        </test-method> <!-- selectProductTest -->
        <test-method signature="selectProductTest(java.lang.String,java.lang.String)[pri:6, instance:com.qa.opencart.tests.MyAccountsTest@61ce23ac]" started-at="2024-07-10T16:00:46 IST" name="selectProductTest" data-provider="selectProductData" finished-at="2024-07-10T16:00:47 IST" duration-ms="975" status="PASS">
          <params>
            <param index="0">
              <value>
                <![CDATA[macbook]]>
              </value>
            </param>
            <param index="1">
              <value>
                <![CDATA[MacBook Pro]]>
              </value>
            </param>
          </params>
          <reporter-output>
          </reporter-output>
        </test-method> <!-- selectProductTest -->
        <test-method signature="selectProductTest(java.lang.String,java.lang.String)[pri:6, instance:com.qa.opencart.tests.MyAccountsTest@61ce23ac]" started-at="2024-07-10T16:00:47 IST" name="selectProductTest" data-provider="selectProductData" finished-at="2024-07-10T16:00:48 IST" duration-ms="1239" status="PASS">
          <params>
            <param index="0">
              <value>
                <![CDATA[imac]]>
              </value>
            </param>
            <param index="1">
              <value>
                <![CDATA[iMac]]>
              </value>
            </param>
          </params>
          <reporter-output>
          </reporter-output>
        </test-method> <!-- selectProductTest -->
        <test-method signature="selectProductTest(java.lang.String,java.lang.String)[pri:6, instance:com.qa.opencart.tests.MyAccountsTest@61ce23ac]" started-at="2024-07-10T16:00:48 IST" name="selectProductTest" data-provider="selectProductData" finished-at="2024-07-10T16:00:49 IST" duration-ms="900" status="PASS">
          <params>
            <param index="0">
              <value>
                <![CDATA[apple]]>
              </value>
            </param>
            <param index="1">
              <value>
                <![CDATA[Apple Cinema 30"]]>
              </value>
            </param>
          </params>
          <reporter-output>
          </reporter-output>
        </test-method> <!-- selectProductTest -->
        <test-method signature="selectProductTest(java.lang.String,java.lang.String)[pri:6, instance:com.qa.opencart.tests.MyAccountsTest@61ce23ac]" started-at="2024-07-10T16:00:49 IST" name="selectProductTest" data-provider="selectProductData" finished-at="2024-07-10T16:00:50 IST" duration-ms="1067" status="PASS">
          <params>
            <param index="0">
              <value>
                <![CDATA[samsung]]>
              </value>
            </param>
            <param index="1">
              <value>
                <![CDATA[Samsung SyncMaster 941BW]]>
              </value>
            </param>
          </params>
          <reporter-output>
          </reporter-output>
        </test-method> <!-- selectProductTest -->
        <test-method signature="selectProductTest(java.lang.String,java.lang.String)[pri:6, instance:com.qa.opencart.tests.MyAccountsTest@61ce23ac]" started-at="2024-07-10T16:00:50 IST" name="selectProductTest" data-provider="selectProductData" finished-at="2024-07-10T16:00:51 IST" duration-ms="966" status="PASS">
          <params>
            <param index="0">
              <value>
                <![CDATA[samsung]]>
              </value>
            </param>
            <param index="1">
              <value>
                <![CDATA[Samsung Galaxy Tab 10.1]]>
              </value>
            </param>
          </params>
          <reporter-output>
          </reporter-output>
        </test-method> <!-- selectProductTest -->
        <test-method is-config="true" signature="tearDown()[pri:0, instance:com.qa.opencart.tests.MyAccountsTest@61ce23ac]" started-at="2024-07-10T16:00:51 IST" name="tearDown" finished-at="2024-07-10T16:00:51 IST" duration-ms="0" status="PASS">
          <reporter-output>
          </reporter-output>
        </test-method> <!-- tearDown -->
      </class> <!-- com.qa.opencart.tests.MyAccountsTest -->
    </test> <!-- MyAccounts Page Test -->
  </suite> <!-- Opencart App Test Regression Suite -->
</testng-results>
