<?xml version="1.0" encoding="UTF-8"?>
<testng-results ignored="0" total="10" passed="10" failed="0" skipped="0">
  <reporter-output>
  </reporter-output>
  <suite started-at="2024-07-09T16:19:41 IST" name="Default suite" finished-at="2024-07-09T16:20:03 IST" duration-ms="22473">
    <groups>
    </groups>
    <test started-at="2024-07-09T16:19:41 IST" name="Default test" finished-at="2024-07-09T16:20:03 IST" duration-ms="22473">
      <class name="com.qa.opencart.tests.ProductDetailPageTest">
        <test-method is-config="true" signature="setup()[pri:0, instance:com.qa.opencart.tests.ProductDetailPageTest@50f6ac94]" started-at="2024-07-09T16:19:41 IST" name="setup" finished-at="2024-07-09T16:19:45 IST" duration-ms="4427" status="PASS">
          <reporter-output>
          </reporter-output>
        </test-method> <!-- setup -->
        <test-method is-config="true" signature="productDetailPageSetup()[pri:0, instance:com.qa.opencart.tests.ProductDetailPageTest@50f6ac94]" started-at="2024-07-09T16:19:45 IST" name="productDetailPageSetup" finished-at="2024-07-09T16:19:46 IST" duration-ms="542" status="PASS">
          <reporter-output>
          </reporter-output>
        </test-method> <!-- productDetailPageSetup -->
        <test-method signature="emptyCartTest()[pri:1, instance:com.qa.opencart.tests.ProductDetailPageTest@50f6ac94]" started-at="2024-07-09T16:19:46 IST" name="emptyCartTest" finished-at="2024-07-09T16:19:46 IST" duration-ms="825" status="PASS">
          <reporter-output>
          </reporter-output>
        </test-method> <!-- emptyCartTest -->
        <test-method signature="getProductImageCountTest(java.lang.String,java.lang.String,int)[pri:1, instance:com.qa.opencart.tests.ProductDetailPageTest@50f6ac94]" started-at="2024-07-09T16:19:46 IST" name="getProductImageCountTest" data-provider="productImageCountData" finished-at="2024-07-09T16:19:48 IST" duration-ms="1230" status="PASS">
          <params>
            <param index="0">
              <value>
                <![CDATA[macbook]]>
              </value>
            </param>
            <param index="1">
              <value>
                <![CDATA[MacBook]]>
              </value>
            </param>
            <param index="2">
              <value>
                <![CDATA[5]]>
              </value>
            </param>
          </params>
          <reporter-output>
          </reporter-output>
        </test-method> <!-- getProductImageCountTest -->
        <test-method signature="getProductImageCountTest(java.lang.String,java.lang.String,int)[pri:1, instance:com.qa.opencart.tests.ProductDetailPageTest@50f6ac94]" started-at="2024-07-09T16:19:48 IST" name="getProductImageCountTest" data-provider="productImageCountData" finished-at="2024-07-09T16:19:49 IST" duration-ms="1016" status="PASS">
          <params>
            <param index="0">
              <value>
                <![CDATA[macbook]]>
              </value>
            </param>
            <param index="1">
              <value>
                <![CDATA[MacBook Air]]>
              </value>
            </param>
            <param index="2">
              <value>
                <![CDATA[4]]>
              </value>
            </param>
          </params>
          <reporter-output>
          </reporter-output>
        </test-method> <!-- getProductImageCountTest -->
        <test-method signature="getProductImageCountTest(java.lang.String,java.lang.String,int)[pri:1, instance:com.qa.opencart.tests.ProductDetailPageTest@50f6ac94]" started-at="2024-07-09T16:19:49 IST" name="getProductImageCountTest" data-provider="productImageCountData" finished-at="2024-07-09T16:19:50 IST" duration-ms="1014" status="PASS">
          <params>
            <param index="0">
              <value>
                <![CDATA[macbook]]>
              </value>
            </param>
            <param index="1">
              <value>
                <![CDATA[MacBook Pro]]>
              </value>
            </param>
            <param index="2">
              <value>
                <![CDATA[4]]>
              </value>
            </param>
          </params>
          <reporter-output>
          </reporter-output>
        </test-method> <!-- getProductImageCountTest -->
        <test-method signature="getProductImageCountTest(java.lang.String,java.lang.String,int)[pri:1, instance:com.qa.opencart.tests.ProductDetailPageTest@50f6ac94]" started-at="2024-07-09T16:19:50 IST" name="getProductImageCountTest" data-provider="productImageCountData" finished-at="2024-07-09T16:19:51 IST" duration-ms="1046" status="PASS">
          <params>
            <param index="0">
              <value>
                <![CDATA[imac]]>
              </value>
            </param>
            <param index="1">
              <value>
                <![CDATA[iMac]]>
              </value>
            </param>
            <param index="2">
              <value>
                <![CDATA[3]]>
              </value>
            </param>
          </params>
          <reporter-output>
          </reporter-output>
        </test-method> <!-- getProductImageCountTest -->
        <test-method signature="getProductImageCountTest(java.lang.String,java.lang.String,int)[pri:1, instance:com.qa.opencart.tests.ProductDetailPageTest@50f6ac94]" started-at="2024-07-09T16:19:51 IST" name="getProductImageCountTest" data-provider="productImageCountData" finished-at="2024-07-09T16:19:52 IST" duration-ms="1362" status="PASS">
          <params>
            <param index="0">
              <value>
                <![CDATA[apple]]>
              </value>
            </param>
            <param index="1">
              <value>
                <![CDATA[Apple Cinema 30"]]>
              </value>
            </param>
            <param index="2">
              <value>
                <![CDATA[6]]>
              </value>
            </param>
          </params>
          <reporter-output>
          </reporter-output>
        </test-method> <!-- getProductImageCountTest -->
        <test-method signature="getProductImageCountTest(java.lang.String,java.lang.String,int)[pri:1, instance:com.qa.opencart.tests.ProductDetailPageTest@50f6ac94]" started-at="2024-07-09T16:19:52 IST" name="getProductImageCountTest" data-provider="productImageCountData" finished-at="2024-07-09T16:19:53 IST" duration-ms="1111" status="PASS">
          <params>
            <param index="0">
              <value>
                <![CDATA[samsung]]>
              </value>
            </param>
            <param index="1">
              <value>
                <![CDATA[Samsung SyncMaster 941BW]]>
              </value>
            </param>
            <param index="2">
              <value>
                <![CDATA[1]]>
              </value>
            </param>
          </params>
          <reporter-output>
          </reporter-output>
        </test-method> <!-- getProductImageCountTest -->
        <test-method signature="getProductImageCountTest(java.lang.String,java.lang.String,int)[pri:1, instance:com.qa.opencart.tests.ProductDetailPageTest@50f6ac94]" started-at="2024-07-09T16:19:53 IST" name="getProductImageCountTest" data-provider="productImageCountData" finished-at="2024-07-09T16:19:54 IST" duration-ms="1020" status="PASS">
          <params>
            <param index="0">
              <value>
                <![CDATA[samsung]]>
              </value>
            </param>
            <param index="1">
              <value>
                <![CDATA[Samsung Galaxy Tab 10.1]]>
              </value>
            </param>
            <param index="2">
              <value>
                <![CDATA[7]]>
              </value>
            </param>
          </params>
          <reporter-output>
          </reporter-output>
        </test-method> <!-- getProductImageCountTest -->
        <test-method signature="getProductInfoTest()[pri:2, instance:com.qa.opencart.tests.ProductDetailPageTest@50f6ac94]" started-at="2024-07-09T16:19:54 IST" name="getProductInfoTest" finished-at="2024-07-09T16:19:56 IST" duration-ms="1204" status="PASS">
          <reporter-output>
          </reporter-output>
        </test-method> <!-- getProductInfoTest -->
        <test-method signature="addProductToCart()[pri:3, instance:com.qa.opencart.tests.ProductDetailPageTest@50f6ac94]" started-at="2024-07-09T16:19:56 IST" name="addProductToCart" finished-at="2024-07-09T16:20:03 IST" duration-ms="7595" status="PASS">
          <reporter-output>
          </reporter-output>
        </test-method> <!-- addProductToCart -->
        <test-method is-config="true" signature="tearDown()[pri:0, instance:com.qa.opencart.tests.ProductDetailPageTest@50f6ac94]" started-at="2024-07-09T16:20:03 IST" name="tearDown" finished-at="2024-07-09T16:20:03 IST" duration-ms="2" status="PASS">
          <reporter-output>
          </reporter-output>
        </test-method> <!-- tearDown -->
      </class> <!-- com.qa.opencart.tests.ProductDetailPageTest -->
    </test> <!-- Default test -->
  </suite> <!-- Default suite -->
</testng-results>
